build/intermediates/manifest_merge_blame_file/debug/manifest-merger-blame-debug-report.txt
1<?xml version="1.0" encoding="utf-8"?>
2<manifest xmlns:android="http://schemas.android.com/apk/res/android"
3    package="com.example.myapplication"
4    android:versionCode="1"
5    android:versionName="1.0" >
6
7    <uses-sdk
8        android:minSdkVersion="20"
8-->src\main\AndroidManifest.xml
9        android:targetSdkVersion="30" />
9-->src\main\AndroidManifest.xml
10
11    <uses-permission android:name="android.permission.INTERNET" />
11-->src\main\AndroidManifest.xml:6:5-67
11-->src\main\AndroidManifest.xml:6:22-64
12
13    <application
13-->src\main\AndroidManifest.xml:8:5-75:19
14        android:allowBackup="true"
14-->src\main\AndroidManifest.xml:9:9-35
15        android:appComponentFactory="androidx.core.app.CoreComponentFactory"
15-->[androidx.core:core:1.3.2] AndroidManifest.xml:24:18-86
16        android:debuggable="true"
17        android:icon="@mipmap/ic_launcher"
17-->src\main\AndroidManifest.xml:10:9-43
18        android:label="@string/app_name"
18-->src\main\AndroidManifest.xml:11:9-41
19        android:roundIcon="@mipmap/ic_launcher_round"
19-->src\main\AndroidManifest.xml:12:9-54
20        android:supportsRtl="true"
20-->src\main\AndroidManifest.xml:13:9-35
21        android:testOnly="true"
22        android:theme="@style/Theme.MyApplication"
22-->src\main\AndroidManifest.xml:14:9-51
23        android:usesCleartextTraffic="true" >
23-->src\main\AndroidManifest.xml:15:9-44
24        <activity android:name="com.example.myapplication.ScoreActivity" >
24-->src\main\AndroidManifest.xml:16:9-22:20
24-->src\main\AndroidManifest.xml:16:19-48
25            <intent-filter>
25-->src\main\AndroidManifest.xml:17:13-21:29
26                <action android:name="android.intent.action.MAIN" />
26-->src\main\AndroidManifest.xml:18:17-69
26-->src\main\AndroidManifest.xml:18:25-66
27
28                <category android:name="android.intent.category.LAUNCHER" />
28-->src\main\AndroidManifest.xml:20:17-77
28-->src\main\AndroidManifest.xml:20:27-74
29            </intent-filter>
30        </activity>
31        <activity android:name="com.example.myapplication.RateCalcActivity" >
31-->src\main\AndroidManifest.xml:23:9-29:20
31-->src\main\AndroidManifest.xml:23:19-51
32            <intent-filter>
32-->src\main\AndroidManifest.xml:17:13-21:29
33                <action android:name="android.intent.action.MAIN" />
33-->src\main\AndroidManifest.xml:18:17-69
33-->src\main\AndroidManifest.xml:18:25-66
34
35                <category android:name="android.intent.category.LAUNCHER" />
35-->src\main\AndroidManifest.xml:20:17-77
35-->src\main\AndroidManifest.xml:20:27-74
36            </intent-filter>
37        </activity>
38        <activity android:name="com.example.myapplication.MyTask" >
38-->src\main\AndroidManifest.xml:30:9-38:20
38-->src\main\AndroidManifest.xml:31:13-35
39            <intent-filter>
39-->src\main\AndroidManifest.xml:17:13-21:29
40                <action android:name="android.intent.action.MAIN" />
40-->src\main\AndroidManifest.xml:18:17-69
40-->src\main\AndroidManifest.xml:18:25-66
41
42                <category android:name="android.intent.category.LAUNCHER" />
42-->src\main\AndroidManifest.xml:20:17-77
42-->src\main\AndroidManifest.xml:20:27-74
43            </intent-filter>
44        </activity>
45        <activity android:name="com.example.myapplication.List3Activity" >
45-->src\main\AndroidManifest.xml:39:9-45:20
45-->src\main\AndroidManifest.xml:39:19-48
46            <intent-filter>
46-->src\main\AndroidManifest.xml:17:13-21:29
47                <action android:name="android.intent.action.MAIN" />
47-->src\main\AndroidManifest.xml:18:17-69
47-->src\main\AndroidManifest.xml:18:25-66
48
49                <category android:name="android.intent.category.LAUNCHER" />
49-->src\main\AndroidManifest.xml:20:17-77
49-->src\main\AndroidManifest.xml:20:27-74
50            </intent-filter>
51        </activity>
52        <activity android:name="com.example.myapplication.RateListActivity" >
52-->src\main\AndroidManifest.xml:46:9-52:20
52-->src\main\AndroidManifest.xml:46:19-51
53            <intent-filter>
53-->src\main\AndroidManifest.xml:17:13-21:29
54                <action android:name="android.intent.action.MAIN" />
54-->src\main\AndroidManifest.xml:18:17-69
54-->src\main\AndroidManifest.xml:18:25-66
55
56                <category android:name="android.intent.category.LAUNCHER" />
56-->src\main\AndroidManifest.xml:20:17-77
56-->src\main\AndroidManifest.xml:20:27-74
57            </intent-filter>
58        </activity>
59        <activity android:name="com.example.myapplication.FirstListActivity" >
59-->src\main\AndroidManifest.xml:53:9-59:20
59-->src\main\AndroidManifest.xml:53:19-52
60            <intent-filter>
60-->src\main\AndroidManifest.xml:17:13-21:29
61                <action android:name="android.intent.action.MAIN" />
61-->src\main\AndroidManifest.xml:18:17-69
61-->src\main\AndroidManifest.xml:18:25-66
62
63                <category android:name="android.intent.category.LAUNCHER" />
63-->src\main\AndroidManifest.xml:20:17-77
63-->src\main\AndroidManifest.xml:20:27-74
64            </intent-filter>
65        </activity>
66        <activity android:name="com.example.myapplication.ConfigActivity" />
66-->src\main\AndroidManifest.xml:60:9-52
66-->src\main\AndroidManifest.xml:60:19-49
67        <activity android:name="com.example.myapplication.RateActivity" >
67-->src\main\AndroidManifest.xml:61:9-67:20
67-->src\main\AndroidManifest.xml:61:19-47
68            <intent-filter>
68-->src\main\AndroidManifest.xml:17:13-21:29
69                <action android:name="android.intent.action.MAIN" />
69-->src\main\AndroidManifest.xml:18:17-69
69-->src\main\AndroidManifest.xml:18:25-66
70
71                <category android:name="android.intent.category.LAUNCHER" />
71-->src\main\AndroidManifest.xml:20:17-77
71-->src\main\AndroidManifest.xml:20:27-74
72            </intent-filter>
73        </activity>
74        <activity android:name="com.example.myapplication.GridViewActivity" >
74-->src\main\AndroidManifest.xml:68:9-74:20
74-->src\main\AndroidManifest.xml:68:19-51
75            <intent-filter>
75-->src\main\AndroidManifest.xml:17:13-21:29
76                <action android:name="android.intent.action.MAIN" />
76-->src\main\AndroidManifest.xml:18:17-69
76-->src\main\AndroidManifest.xml:18:25-66
77
78                <category android:name="android.intent.category.LAUNCHER" />
78-->src\main\AndroidManifest.xml:20:17-77
78-->src\main\AndroidManifest.xml:20:27-74
79            </intent-filter>
80        </activity>
81    </application>
82
83</manifest>